This is LuaTeX, Version beta-0.60.2-2010070109 (rev 3730)  (format=lualatex 2011.3.25)  13 JAN 2012 14:02
**report.tex
(./report.tex
LaTeX2e <2009/09/24>
Babel <v3.8l> and hyphenation patterns for english, usenglishmax, dumylang, noh
yphenation, farsi, arabic, croatian, bulgarian, ukrainian, russian, czech, slov
ak, danish, dutch, finnish, french, basque, ngerman, german, german-x-2009-06-1
9, ngerman-x-2009-06-19, ibycus, monogreek, greek, ancientgreek, hungarian, san
skrit, italian, latin, latvian, lithuanian, mongolian2a, mongolian, bokmal, nyn
orsk, romanian, irish, coptic, serbian, turkish, welsh, esperanto, uppersorbian
, estonian, indonesian, interlingua, icelandic, kurmanji, slovenian, polish, po
rtuguese, spanish, galician, catalan, swedish, ukenglish, loaded.
(./llncs.cls
Document Class: llncs 2010/07/12 v2.17 
 LaTeX document class for Lecture Notes in Computer Science
(/usr/share/texmf-texlive/tex/latex/base/article.cls
Document Class: article 2007/10/19 v1.4h Standard LaTeX document class
(/usr/share/texmf-texlive/tex/latex/base/size10.clo
File: size10.clo 2007/10/19 v1.4h Standard LaTeX file (size option)
)
\c@part=\count79
\c@section=\count80
\c@subsection=\count81
\c@subsubsection=\count82
\c@paragraph=\count83
\c@subparagraph=\count84
\c@figure=\count85
\c@table=\count86
\abovecaptionskip=\skip41
\belowcaptionskip=\skip42
\bibindent=\dimen102
)
(/usr/share/texmf-texlive/tex/latex/tools/multicol.sty
Package: multicol 2008/12/05 v1.6h multicolumn formatting (FMi)
\c@tracingmulticols=\count87
\mult@box=\box26
\multicol@leftmargin=\dimen103
\c@unbalance=\count88
\c@collectmore=\count89
\doublecol@number=\count90
\multicoltolerance=\count91
\multicolpretolerance=\count92
\full@width=\dimen104
\page@free=\dimen105
\premulticols=\dimen106
\postmulticols=\dimen107
\multicolsep=\skip43
\multicolbaselineskip=\skip44
\partial@page=\box27
\last@line=\box28
\mult@rightbox=\box29
\mult@grightbox=\box30
\mult@gfirstbox=\box31
\mult@firstbox=\box32
\@tempa=\box33
\@tempa=\box34
\@tempa=\box35
\@tempa=\box36
\@tempa=\box37
\@tempa=\box38
\@tempa=\box39
\@tempa=\box40
\@tempa=\box41
\@tempa=\box42
\@tempa=\box43
\@tempa=\box44
\@tempa=\box45
\@tempa=\box46
\@tempa=\box47
\@tempa=\box48
\@tempa=\box49
\c@columnbadness=\count93
\c@finalcolumnbadness=\count94
\last@try=\dimen108
\multicolovershoot=\dimen109
\multicolundershoot=\dimen110
\mult@nat@firstbox=\box50
\colbreak@box=\box51
)
(/usr/share/texmf-texlive/tex/latex/oberdiek/aliascnt.sty
Package: aliascnt 2009/09/08 v1.3 Alias counter (HO)

(/usr/share/texmf-texlive/tex/latex/carlisle/remreset.sty))
\c@chapter=\count95
LaTeX Font Info:    Redeclaring math symbol \Gamma on input line 362.
LaTeX Font Info:    Redeclaring math symbol \Delta on input line 363.
LaTeX Font Info:    Redeclaring math symbol \Theta on input line 364.
LaTeX Font Info:    Redeclaring math symbol \Lambda on input line 365.
LaTeX Font Info:    Redeclaring math symbol \Xi on input line 366.
LaTeX Font Info:    Redeclaring math symbol \Pi on input line 367.
LaTeX Font Info:    Redeclaring math symbol \Sigma on input line 368.
LaTeX Font Info:    Redeclaring math symbol \Upsilon on input line 369.
LaTeX Font Info:    Redeclaring math symbol \Phi on input line 370.
LaTeX Font Info:    Redeclaring math symbol \Psi on input line 371.
LaTeX Font Info:    Redeclaring math symbol \Omega on input line 372.
\tocchpnum=\dimen111
\tocsecnum=\dimen112
\tocsectotal=\dimen113
\tocsubsecnum=\dimen114
\tocsubsectotal=\dimen115
\tocsubsubsecnum=\dimen116
\tocsubsubsectotal=\dimen117
\tocparanum=\dimen118
\tocparatotal=\dimen119
\tocsubparanum=\dimen120
\@tempcntc=\count96
\fnindent=\dimen121
\c@@inst=\count97
\c@@auth=\count98
\c@auco=\count99
\instindent=\dimen122
\authrun=\box52
\authorrunning=\toks14
\tocauthor=\toks15
\titrun=\box53
\titlerunning=\toks16
\toctitle=\toks17
\c@theorem=\count100
\c@case=\count101
\c@conjecture=\count102
\c@corollary=\count103
\c@definition=\count104
\c@example=\count105
\c@exercise=\count106
\c@lemma=\count107
\c@note=\count108
\c@problem=\count109
\c@property=\count110
\c@proposition=\count111
\c@question=\count112
\c@solution=\count113
\c@remark=\count114
\headlineindent=\dimen123
)
(/usr/share/texmf-texlive/tex/latex/base/inputenc.sty
Package: inputenc 2008/03/30 v1.1d Input encoding file
\inpenc@prehook=\toks18
\inpenc@posthook=\toks19

(/usr/share/texmf-texlive/tex/latex/ucs/utf8x.def
File: utf8x.def 2004/10/17 UCS: Input encoding UTF-8
))
(/usr/share/texmf-texlive/tex/latex/ucs/ucs.sty
Package: ucs 2004/10/17 UCS: Unicode input support

(/usr/share/texmf-texlive/tex/latex/ucs/data/uni-global.def
File: uni-global.def 2004/10/17 UCS: Unicode global data
)
\uc@secondtry=\count115
\uc@combtoks=\toks20
\uc@combtoksb=\toks21
\uc@temptokena=\toks22
)
(/usr/share/texmf-texlive/tex/latex/graphics/graphicx.sty
Package: graphicx 1999/02/16 v1.0f Enhanced LaTeX Graphics (DPC,SPQR)

(/usr/share/texmf-texlive/tex/latex/graphics/keyval.sty
Package: keyval 1999/03/16 v1.13 key=value parser (DPC)
\KV@toks@=\toks23
)
(/usr/share/texmf-texlive/tex/latex/graphics/graphics.sty
Package: graphics 2009/02/05 v1.0o Standard LaTeX Graphics (DPC,SPQR)

(/usr/share/texmf-texlive/tex/latex/graphics/trig.sty
Package: trig 1999/03/16 v1.09 sin cos tan (DPC)
)
(/etc/texmf/tex/latex/config/graphics.cfg
File: graphics.cfg 2009/08/28 v1.8 graphics configuration of TeX Live
)
Package graphics Info: Driver file: pdftex.def on input line 91.

(/usr/share/texmf-texlive/tex/latex/pdftex-def/pdftex.def
File: pdftex.def 2010/03/12 v0.04p Graphics/color for pdfTeX

(/usr/share/texmf-texlive/tex/generic/oberdiek/pdftexcmds.sty
Package: pdftexcmds 2009/09/23 v0.6 LuaTeX support for pdfTeX utility functions
 (HO)

(/usr/share/texmf-texlive/tex/generic/oberdiek/infwarerr.sty
Package: infwarerr 2007/09/09 v1.2 Providing info/warning/message (HO)
)
(/usr/share/texmf-texlive/tex/generic/oberdiek/ifluatex.sty
Package: ifluatex 2009/04/17 v1.2 Provides the ifluatex switch (HO)
Package ifluatex Info: LuaTeX detected.
)
(/usr/share/texmf-texlive/tex/generic/oberdiek/ltxcmds.sty
Package: ltxcmds 2009/08/05 v1.0 Some LaTeX kernel commands for general use (HO
)
)
Package pdftexcmds Info: \pdf@primitive is available.
Package pdftexcmds Info: \pdf@ifprimitive is available.

(/usr/share/texmf-texlive/tex/generic/oberdiek/luatex-loader.sty
Package: luatex-loader 2009/04/10 v0.2 Lua module loader (HO)

(/usr/share/texmf-texlive/scripts/oberdiek/oberdiek.luatex.lua))
(/usr/share/texmf-texlive/scripts/oberdiek/oberdiek.pdftexcmds.lua)
\pdftexcmds@toks=\toks24
)
\Gread@gobject=\count116
))
\Gin@req@height=\dimen124
\Gin@req@width=\dimen125
)
(/usr/share/texmf-texlive/tex/latex/subfig/subfig.sty
Package: subfig 2005/06/28 ver: 1.3 subfig package

(/usr/share/texmf-texlive/tex/latex/caption/caption.sty
Package: caption 2009/10/09 v3.1k Customizing captions (AR)

(/usr/share/texmf-texlive/tex/latex/caption/caption3.sty
Package: caption3 2009/10/09 v3.1k caption3 kernel (AR)
\captionmargin=\dimen126
\captionmargin@=\dimen127
\captionwidth=\dimen128
\caption@indent=\dimen129
\caption@parindent=\dimen130
\caption@hangindent=\dimen131
Package caption Info: Unknown document class (or package),
(caption)             standard defaults will be used on input line 1068.
)

Package caption Warning: Unsupported document class (or package) detected,
(caption)                usage of the caption package is not recommended.
See the caption package documentation for explanation.

Package caption Info: \@makecaption = \long macro:#1#2->\small \vskip \abovecap
tionskip \sbox \@tempboxa {{\bfseries #1.} #2}\ifdim \wd \@tempboxa >\hsize {\b
fseries #1.} #2\par \else \global \@minipagefalse \hb@xt@ \hsize {\hfil \box \@
tempboxa \hfil }\fi \vskip \belowcaptionskip .
\c@ContinuedFloat=\count117
)
\c@KVtest=\count118
\sf@farskip=\skip45
\sf@captopadj=\dimen132
\sf@capskip=\skip46
\sf@nearskip=\skip47
\c@subfigure=\count119
\c@subfigure@save=\count120
\c@lofdepth=\count121
\c@subtable=\count122
\c@subtable@save=\count123
\c@lotdepth=\count124
\sf@top=\skip48
\sf@bottom=\skip49
) (/usr/share/texmf-texlive/tex/latex/float/float.sty
Package: float 2001/11/08 v1.3d Float enhancements (AL)
\c@float@type=\count125
\float@exts=\toks25
\float@box=\box54
\@float@everytoks=\toks26
\@floatcapt=\box55
)
(/usr/share/texmf/tex/latex/xcolor/xcolor.sty
Package: xcolor 2007/01/21 v2.11 LaTeX color extensions (UK)

(/etc/texmf/tex/latex/config/color.cfg
File: color.cfg 2007/01/18 v1.5 color configuration of teTeX/TeXLive
)
Package xcolor Info: Driver file: pdftex.def on input line 225.
Package xcolor Info: Model `cmy' substituted by `cmy0' on input line 1337.
Package xcolor Info: Model `hsb' substituted by `rgb' on input line 1341.
Package xcolor Info: Model `RGB' extended on input line 1353.
Package xcolor Info: Model `HTML' substituted by `rgb' on input line 1355.
Package xcolor Info: Model `Hsb' substituted by `hsb' on input line 1356.
Package xcolor Info: Model `tHsb' substituted by `hsb' on input line 1357.
Package xcolor Info: Model `HSB' substituted by `hsb' on input line 1358.
Package xcolor Info: Model `Gray' substituted by `gray' on input line 1359.
Package xcolor Info: Model `wave' substituted by `hsb' on input line 1360.
)
(/usr/share/texmf-texlive/tex/latex/listings/listings.sty
\lst@mode=\count126
\lst@gtempboxa=\box56
\lst@token=\toks27
\lst@length=\count127
\lst@currlwidth=\dimen133
\lst@column=\count128
\lst@pos=\count129
\lst@lostspace=\dimen134
\lst@width=\dimen135
\lst@newlines=\count130
\lst@lineno=\count131
\lst@maxwidth=\dimen136

(/usr/share/texmf-texlive/tex/latex/listings/lstmisc.sty
File: lstmisc.sty 2007/02/22 1.4 (Carsten Heinz)
\c@lstnumber=\count132
\lst@skipnumbers=\count133
\lst@framebox=\box57
)
(/usr/share/texmf-texlive/tex/latex/listings/listings.cfg
File: listings.cfg 2007/02/22 1.4 listings configuration
))
Package: listings 2007/02/22 1.4 (Carsten Heinz)

(/usr/share/texmf-texlive/tex/latex/psnfss/courier.sty
Package: courier 2005/04/12 PSNFSS-v9.2a (WaS) 
)
(/usr/share/texmf-texlive/tex/latex/titlepic/titlepic.sty
Package: titlepic 2009/08/03 1.1 Package to display a picture on the title page

)
(/usr/share/texmf-texlive/tex/latex/preprint/fullpage.sty
Package: fullpage 1999/02/23 1.1 (PWD)
\FP@margin=\skip50
)
(/usr/share/texmf-texlive/tex/latex/hyperref/hyperref.sty
Package: hyperref 2009/10/09 v6.79a Hypertext links for LaTeX

(/usr/share/texmf-texlive/tex/generic/oberdiek/ifpdf.sty
Package: ifpdf 2009/04/10 v2.0 Provides the ifpdf switch (HO)


Package ifpdf Warning: Someone has redefined \pdfoutput.

Package ifpdf Info: pdfTeX in pdf mode detected.
) (/usr/share/texmf-texlive/tex/generic/oberdiek/ifvtex.sty
Package: ifvtex 2008/11/04 v1.4 Switches for detecting VTeX and its modes (HO)
Package ifvtex Info: VTeX not detected.
)
(/usr/share/texmf-texlive/tex/generic/ifxetex/ifxetex.sty
Package: ifxetex 2009/01/23 v0.5 Provides ifxetex conditional
)
(/usr/share/texmf-texlive/tex/latex/oberdiek/hycolor.sty
Package: hycolor 2009/10/02 v1.5 Code for color options of hyperref/bookmark (H
O)

(/usr/share/texmf-texlive/tex/latex/oberdiek/xcolor-patch.sty
Package: xcolor-patch 2009/10/02 xcolor patch
))
\@linkdim=\dimen137
\Hy@linkcounter=\count134
\Hy@pagecounter=\count135

(/usr/share/texmf-texlive/tex/latex/hyperref/pd1enc.def
File: pd1enc.def 2009/10/09 v6.79a Hyperref: PDFDocEncoding definition (HO)
)
(/usr/share/texmf-texlive/tex/generic/oberdiek/etexcmds.sty
Package: etexcmds 2007/12/12 v1.2 Prefix for e-TeX command names (HO)
)
(/usr/share/texmf-texlive/tex/latex/latexconfig/hyperref.cfg
File: hyperref.cfg 2002/06/06 v1.2 hyperref configuration of TeXLive
)
(/usr/share/texmf-texlive/tex/latex/oberdiek/kvoptions.sty
Package: kvoptions 2009/08/13 v3.4 Keyval support for LaTeX options (HO)

(/usr/share/texmf-texlive/tex/generic/oberdiek/kvsetkeys.sty
Package: kvsetkeys 2009/07/30 v1.5 Key value parser with default handler suppor
t (HO)
))
Package hyperref Info: Option `bookmarks' set `true' on input line 2864.
Package hyperref Info: Option `colorlinks' set `true' on input line 2864.
Package hyperref Info: Hyper figures OFF on input line 2975.
Package hyperref Info: Link nesting OFF on input line 2980.
Package hyperref Info: Hyper index ON on input line 2983.
Package hyperref Info: Plain pages OFF on input line 2990.
Package hyperref Info: Backreferencing OFF on input line 2995.

Implicit mode ON; LaTeX internals redefined
Package hyperref Info: Bookmarks ON on input line 3191.
(/usr/share/texmf-texlive/tex/latex/ltxmisc/url.sty
\Urlmuskip=\muskip10
Package: url 2006/04/12  ver 3.3  Verb mode for urls, etc.
)
LaTeX Info: Redefining \url on input line 3428.

(/usr/share/texmf-texlive/tex/generic/oberdiek/bitset.sty
Package: bitset 2007/09/28 v1.0 Data type bit set (HO)

(/usr/share/texmf-texlive/tex/generic/oberdiek/intcalc.sty
Package: intcalc 2007/09/27 v1.1 Expandable integer calculations (HO)
)
(/usr/share/texmf-texlive/tex/generic/oberdiek/bigintcalc.sty
Package: bigintcalc 2007/11/11 v1.1 Expandable big integer calculations (HO)
))
\Fld@menulength=\count136
\Field@Width=\dimen138
\Fld@charsize=\dimen139
\Field@toks=\toks28
Package hyperref Info: Hyper figures OFF on input line 4377.
Package hyperref Info: Link nesting OFF on input line 4382.
Package hyperref Info: Hyper index ON on input line 4385.
Package hyperref Info: backreferencing OFF on input line 4392.
Package hyperref Info: Link coloring ON on input line 4395.
Package hyperref Info: Link coloring with OCG OFF on input line 4402.
Package hyperref Info: PDF/A mode OFF on input line 4407.

(/usr/share/texmf-texlive/tex/generic/oberdiek/atbegshi.sty
Package: atbegshi 2008/07/31 v1.9 At begin shipout hook (HO)
)
\Hy@abspage=\count137
\c@Item=\count138
\c@Hfootnote=\count139
)
*hyperref using default driver hpdftex*
(/usr/share/texmf-texlive/tex/latex/hyperref/hpdftex.def
File: hpdftex.def 2009/10/09 v6.79a Hyperref driver for pdfTeX
\Fld@listcount=\count140
)
(/usr/share/texmf-texlive/tex/latex/listings/lstlang1.sty
File: lstlang1.sty 2004/09/05 1.3 listings language file
)
(/usr/share/texmf-texlive/tex/latex/listings/lstlang2.sty
File: lstlang2.sty 2004/09/05 1.3 listings language file
)
(/usr/share/texmf-texlive/tex/latex/listings/lstlang3.sty
File: lstlang3.sty 2004/09/05 1.3 listings language file
) (./report.aux)
LaTeX Font Info:    Checking defaults for OML/cmm/m/it on input line 77.
LaTeX Font Info:    ... okay on input line 77.
LaTeX Font Info:    Checking defaults for T1/cmr/m/n on input line 77.
LaTeX Font Info:    ... okay on input line 77.
LaTeX Font Info:    Checking defaults for OT1/cmr/m/n on input line 77.
LaTeX Font Info:    ... okay on input line 77.
LaTeX Font Info:    Checking defaults for IL2/cmr/m/n on input line 77.
LaTeX Font Info:    ... okay on input line 77.
LaTeX Font Info:    Checking defaults for OMS/cmsy/m/n on input line 77.
LaTeX Font Info:    ... okay on input line 77.
LaTeX Font Info:    Checking defaults for OMX/cmex/m/n on input line 77.
LaTeX Font Info:    ... okay on input line 77.
LaTeX Font Info:    Checking defaults for U/cmr/m/n on input line 77.
LaTeX Font Info:    ... okay on input line 77.
LaTeX Font Info:    Checking defaults for PD1/pdf/m/n on input line 77.
LaTeX Font Info:    ... okay on input line 77.

(/usr/share/texmf-texlive/tex/latex/ucs/ucsencs.def
File: ucsencs.def 2003/11/29 Fixes to fontencodings LGR, T3
)
(/usr/share/texmf/tex/context/base/supp-pdf.mkii
[Loading MPS to PDF converter (version 2006.09.02).]
\scratchcounter=\count141
\scratchdimen=\dimen140
\scratchbox=\box58
\nofMPsegments=\count142
\nofMParguments=\count143
\everyMPshowfont=\toks29
\MPscratchCnt=\count144
\MPscratchDim=\dimen141
\MPnumerator=\count145
\everyMPtoPDFconversion=\toks30
)
Package caption Info: Begin \AtBeginDocument code.
Package caption3 Info: subfig package 1.2 or 1.3 is loaded.
LaTeX Info: Redefining \subref on input line 77.
Package caption Info: float package is loaded.
Package caption Info: hyperref package is loaded.
Package caption Info: listings package is loaded.
Package caption Info: End \AtBeginDocument code.
\c@lstlisting=\count146
Package hyperref Info: Link coloring ON on input line 77.
 (/usr/share/texmf-texlive/tex/latex/hyperref/nameref.sty
Package: nameref 2007/05/29 v2.31 Cross-referencing by name of section

(/usr/share/texmf-texlive/tex/latex/oberdiek/refcount.sty
Package: refcount 2008/08/11 v3.1 Data extraction from references (HO)
)
\c@section@level=\count147
)
LaTeX Info: Redefining \ref on input line 77.
LaTeX Info: Redefining \pageref on input line 77.
 (./report.out)
(./report.out)
\@outlinefile=\write3
\AtBeginShipoutBox=\box59
LaTeX Font Info:    External font `cmex10' loaded for size
(Font)              <7> on input line 80.
LaTeX Font Info:    External font `cmex10' loaded for size
(Font)              <5> on input line 80.
 (./introduction.tex [1

{/var/lib/texmf/fonts/map/pdftex/updmap/pdftex.map}]) (./literature.tex) (./mod
el.tex
LuaTeX warning (file images/rule1.pdf): PDF inclusion: found PDF version <1.5>,
 but at most version <1.4> allowed
<images/rule1.pdf, id=53, 96.7615pt x 24.4915pt>
File: images/rule1.pdf Graphic file (type pdf)
 <use images/rule1.pdf>
LuaTeX warning (file images/rule2a.pdf): PDF inclusion: found PDF version <1.5>
, but at most version <1.4> allowed
<images/rule2a.pdf, id=54, 80.7015pt x 16.4615pt>
File: images/rule2a.pdf Graphic file (type pdf)
 <use images/rule2a.pdf>
LuaTeX warning (file images/rule2b.pdf): PDF inclusion: found PDF version <1.5>
, but at most version <1.4> allowed
<images/rule2b.pdf, id=55, 80.7015pt x 16.4615pt>
File: images/rule2b.pdf Graphic file (type pdf)
 <use images/rule2b.pdf>
LuaTeX warning (file images/rule3.pdf): PDF inclusion: found PDF version <1.5>,
 but at most version <1.4> allowed
<images/rule3.pdf, id=56, 64.6415pt x 16.4615pt>
File: images/rule3.pdf Graphic file (type pdf)
 <use images/rule3.pdf>
LuaTeX warning (file images/rule4.pdf): PDF inclusion: found PDF version <1.5>,
 but at most version <1.4> allowed
<images/rule4.pdf, id=57, 64.6415pt x 24.4915pt>
File: images/rule4.pdf Graphic file (type pdf)
 <use images/rule4.pdf>
LuaTeX warning (file images/rule5a.pdf): PDF inclusion: found PDF version <1.5>
, but at most version <1.4> allowed
<images/rule5a.pdf, id=58, 64.6415pt x 16.4615pt>
File: images/rule5a.pdf Graphic file (type pdf)
 <use images/rule5a.pdf>
LuaTeX warning (file images/rule5b.pdf): PDF inclusion: found PDF version <1.5>
, but at most version <1.4> allowed
<images/rule5b.pdf, id=59, 64.6415pt x 16.4615pt>
File: images/rule5b.pdf Graphic file (type pdf)
 <use images/rule5b.pdf>
LuaTeX warning (file images/rule6.pdf): PDF inclusion: found PDF version <1.5>,
 but at most version <1.4> allowed
<images/rule6.pdf, id=60, 64.6415pt x 24.4915pt>
File: images/rule6.pdf Graphic file (type pdf)
 <use images/rule6.pdf>
LuaTeX warning (file images/rule7.pdf): PDF inclusion: found PDF version <1.5>,
 but at most version <1.4> allowed
<images/rule7.pdf, id=61, 64.6415pt x 16.4615pt>
File: images/rule7.pdf Graphic file (type pdf)
 <use images/rule7.pdf>
<images/bot-active.pdf, id=62, 7.227pt x 7.227pt>
File: images/bot-active.pdf Graphic file (type pdf)
 <use images/bot-active.pdf>
LuaTeX warning (file images/bot.pdf): PDF inclusion: found PDF version <1.5>, b
ut at most version <1.4> allowed
<images/bot.pdf, id=63, 6.8255pt x 6.8255pt>
File: images/bot.pdf Graphic file (type pdf)
 <use images/bot.pdf>
LuaTeX warning (file images/obstacle.pdf): PDF inclusion: found PDF version <1.
5>, but at most version <1.4> allowed
<images/obstacle.pdf, id=64, 6.69281pt x 6.36807pt>
File: images/obstacle.pdf Graphic file (type pdf)
 <use images/obstacle.pdf>
LuaTeX warning (file images/box.pdf): PDF inclusion: found PDF version <1.5>, b
ut at most version <1.4> allowed
<images/box.pdf, id=65, 6.8255pt x 6.8255pt>
File: images/box.pdf Graphic file (type pdf)
 <use images/box.pdf>
LuaTeX warning (file images/empty.pdf): PDF inclusion: found PDF version <1.5>,
 but at most version <1.4> allowed
<images/empty.pdf, id=66, 8.03pt x 8.03pt>
File: images/empty.pdf Graphic file (type pdf)
 <use images/empty.pdf>
LuaTeX warning (file images/some-turtle.pdf): PDF inclusion: found PDF version 
<1.5>, but at most version <1.4> allowed
<images/some-turtle.pdf, id=67, 6.424pt x 6.424pt>
File: images/some-turtle.pdf Graphic file (type pdf)

<use images/some-turtle.pdf>
LuaTeX warning (file images/no-bot.pdf): PDF inclusion: found PDF version <1.5>
, but at most version <1.4> allowed
<images/no-bot.pdf, id=68, 8.03pt x 8.03pt>
File: images/no-bot.pdf Graphic file (type pdf)
 <use images/no-bot.pdf>
Overfull \hbox (6.16663pt too wide) in paragraph at lines 134--135
[][][] 
 []

) (./implementation.tex
\@float@every@world=\toks31
 <images/world.png, id=70, 430.60875pt x 430.60875pt>
File: images/world.png Graphic file (type png)

<use images/world.png>
Underfull \vbox (badness 1292) has occurred while \output is active []

 [2

]
[3 <./images/rule1.pdf> <./images/rule2a.pdf> <./images/rule2b.pdf> <./images/r
ule3.pdf> <./images/rule4.pdf> <./images/rule5a.pdf> <./images/rule5b.pdf> <./i
mages/rule6.pdf> <./images/rule7.pdf> <./images/bot-active.pdf> <./images/bot.p
df> <./images/obstacle.pdf> <./images/box.pdf> <./images/empty.pdf> <./images/s
ome-turtle.pdf> <./images/no-bot.pdf> <./images/world.png>]
LaTeX Font Info:    External font `cmex10' loaded for size
(Font)              <9> on input line 18.
LaTeX Font Info:    External font `cmex10' loaded for size
(Font)              <6> on input line 18.

Overfull \hbox (6.0pt too wide) in paragraph at lines 18--18
[][][][][][][][] 
 []

LaTeX Font Info:    Try loading font information for OT1+pcr on input line 18.
(/usr/share/texmf-texlive/tex/latex/psnfss/ot1pcr.fd
File: ot1pcr.fd 2001/06/04 font definitions for OT1/pcr.
) (./code/main-loop.txt)
Overfull \hbox (6.0pt too wide) in paragraph at lines 20--20
[][][][][][][][] 
 []

(./code/pushing.txt)) (./experiments.tex
Underfull \vbox (badness 4168) has occurred while \output is active []

 [4]
(./experiment1.tex
<results/experiment1/plot1.pdf, id=184, 597.23125pt x 845.1575pt>
File: results/experiment1/plot1.pdf Graphic file (type pdf)

<use results/experiment1/plot1.pdf>
<results/experiment1/plot10.pdf, id=185, 597.23125pt x 845.1575pt>
File: results/experiment1/plot10.pdf Graphic file (type pdf)

<use results/experiment1/plot10.pdf>
Overfull \hbox (12.33324pt too wide) in paragraph at lines 13--22
[][][] [][][][] 
 []

) (./experiment2.tex) (./experiment3.tex [5] [6 <./results/experiment1/plot1.pd
f> <./results/experiment1/plot10.pdf>]
\@float@every@minimum_no_bots2=\toks32

<images/minimum_no_bots2.png, id=223, 1028.34187pt x 490.83376pt>
File: images/minimum_no_bots2.png Graphic file (type png)

<use images/minimum_no_bots2.png>
\@float@every@bots_vs_weight=\toks33

<images/bots_vs_weight.png, id=224, 1028.34187pt x 490.83376pt>
File: images/bots_vs_weight.png Graphic file (type png)

<use images/bots_vs_weight.png>)) (./conclusions.tex [7 <./images/minimum_no_bo
ts2.png (PNG copy)> <./images/bots_vs_weight.png (PNG copy)>]) (./report.bbl)
[8] (./report.aux)

LaTeX Warning: Label(s) may have changed. Rerun to get cross-references right.

 )

Here is how much of LuaTeX's memory you used:
 8920 strings out of 256754
 195341,552014 words of node,token memory allocated
 884 words of node memory still in use:
   4 hlist, 1 vlist, 1 rule, 8 disc, 9 glue, 4 kern, 67 glyph, 45 glue_spec, 2 
write nodes
   avail lists: 1:1,2:21,3:373,4:5680,5:5483,6:5026,7:3034,8:93,9:8102,10:597
 12070 multiletter control sequences out of 65536+50000
 42 fonts using 1662191 bytes
 44i,10n,45p,1063b,851s stack positions out of 5000i,500n,6000p,200000b,50000s
{/usr/share/texmf-texlive/fonts/enc/dvips/base/8r.enc}</usr/share/texmf-texlive
/fonts/type1/public/amsfonts/cm/cmbx10.pfb></usr/share/texmf-texlive/fonts/type
1/public/amsfonts/cm/cmbx12.pfb></usr/share/texmf-texlive/fonts/type1/public/am
sfonts/cm/cmbx9.pfb></usr/share/texmf-texlive/fonts/type1/public/amsfonts/cm/cm
mi10.pfb></usr/share/texmf-texlive/fonts/type1/public/amsfonts/cm/cmmi9.pfb></u
sr/share/texmf-texlive/fonts/type1/public/amsfonts/cm/cmr10.pfb></usr/share/tex
mf-texlive/fonts/type1/public/amsfonts/cm/cmr7.pfb></usr/share/texmf-texlive/fo
nts/type1/public/amsfonts/cm/cmr9.pfb></usr/share/texmf-texlive/fonts/type1/pub
lic/amsfonts/cm/cmti10.pfb></usr/share/texmf-texlive/fonts/type1/urw/courier/uc
rr8a.pfb>
Output written on report.pdf (8 pages, 250186 bytes).
PDF statistics: 276 PDF objects out of 1000 (max. 8388607)
 92 named destinations out of 1000 (max. 131072)
 65 words of extra memory for PDF output out of 10000 (max. 10000000)

