This is pdfTeX, Version 3.1415926-2.3-1.40.12 (MiKTeX 2.9 64-bit) (preloaded format=pdflatex 2011.9.20)  12 JAN 2012 23:21
entering extended mode
**report.tex
(C:\Users\Stefan\Documents\VU\ASO\project\repository\report.tex
LaTeX2e <2011/06/27>
Babel <v3.8m> and hyphenation patterns for english, afrikaans, ancientgreek, ar
abic, armenian, assamese, basque, bengali, bokmal, bulgarian, catalan, coptic, 
croatian, czech, danish, dutch, esperanto, estonian, farsi, finnish, french, ga
lician, german, german-x-2009-06-19, greek, gujarati, hindi, hungarian, iceland
ic, indonesian, interlingua, irish, italian, kannada, kurmanji, lao, latin, lat
vian, lithuanian, malayalam, marathi, mongolian, mongolianlmc, monogreek, ngerm
an, ngerman-x-2009-06-19, nynorsk, oriya, panjabi, pinyin, polish, portuguese, 
romanian, russian, sanskrit, serbian, slovak, slovenian, spanish, swedish, swis
sgerman, tamil, telugu, turkish, turkmen, ukenglish, ukrainian, uppersorbian, u
senglishmax, welsh, loaded.
(C:\Users\Stefan\Documents\VU\ASO\project\repository\llncs.cls
Document Class: llncs 2010/07/12 v2.17 
 LaTeX document class for Lecture Notes in Computer Science
("C:\Program Files\MiKTeX 2.9\tex\latex\base\article.cls"
Document Class: article 2007/10/19 v1.4h Standard LaTeX document class
("C:\Program Files\MiKTeX 2.9\tex\latex\base\size10.clo"
File: size10.clo 2007/10/19 v1.4h Standard LaTeX file (size option)
)
\c@part=\count79
\c@section=\count80
\c@subsection=\count81
\c@subsubsection=\count82
\c@paragraph=\count83
\c@subparagraph=\count84
\c@figure=\count85
\c@table=\count86
\abovecaptionskip=\skip41
\belowcaptionskip=\skip42
\bibindent=\dimen102
)
("C:\Program Files\MiKTeX 2.9\tex\latex\tools\multicol.sty"
Package: multicol 2011/06/27 v1.7a multicolumn formatting (FMi)
\c@tracingmulticols=\count87
\mult@box=\box26
\multicol@leftmargin=\dimen103
\c@unbalance=\count88
\c@collectmore=\count89
\doublecol@number=\count90
\multicoltolerance=\count91
\multicolpretolerance=\count92
\full@width=\dimen104
\page@free=\dimen105
\premulticols=\dimen106
\postmulticols=\dimen107
\multicolsep=\skip43
\multicolbaselineskip=\skip44
\partial@page=\box27
\last@line=\box28
\mult@rightbox=\box29
\mult@grightbox=\box30
\mult@gfirstbox=\box31
\mult@firstbox=\box32
\@tempa=\box33
\@tempa=\box34
\@tempa=\box35
\@tempa=\box36
\@tempa=\box37
\@tempa=\box38
\@tempa=\box39
\@tempa=\box40
\@tempa=\box41
\@tempa=\box42
\@tempa=\box43
\@tempa=\box44
\@tempa=\box45
\@tempa=\box46
\@tempa=\box47
\@tempa=\box48
\@tempa=\box49
\c@columnbadness=\count93
\c@finalcolumnbadness=\count94
\last@try=\dimen108
\multicolovershoot=\dimen109
\multicolundershoot=\dimen110
\mult@nat@firstbox=\box50
\colbreak@box=\box51
\multicol@sort@counter=\count95
)
("C:\Program Files\MiKTeX 2.9\tex\latex\oberdiek\aliascnt.sty"
Package: aliascnt 2009/09/08 v1.3 Alias counter (HO)

("C:\Program Files\MiKTeX 2.9\tex\latex\carlisle\remreset.sty"))
\c@chapter=\count96
LaTeX Font Info:    Redeclaring math symbol \Gamma on input line 362.
LaTeX Font Info:    Redeclaring math symbol \Delta on input line 363.
LaTeX Font Info:    Redeclaring math symbol \Theta on input line 364.
LaTeX Font Info:    Redeclaring math symbol \Lambda on input line 365.
LaTeX Font Info:    Redeclaring math symbol \Xi on input line 366.
LaTeX Font Info:    Redeclaring math symbol \Pi on input line 367.
LaTeX Font Info:    Redeclaring math symbol \Sigma on input line 368.
LaTeX Font Info:    Redeclaring math symbol \Upsilon on input line 369.
LaTeX Font Info:    Redeclaring math symbol \Phi on input line 370.
LaTeX Font Info:    Redeclaring math symbol \Psi on input line 371.
LaTeX Font Info:    Redeclaring math symbol \Omega on input line 372.
\tocchpnum=\dimen111
\tocsecnum=\dimen112
\tocsectotal=\dimen113
\tocsubsecnum=\dimen114
\tocsubsectotal=\dimen115
\tocsubsubsecnum=\dimen116
\tocsubsubsectotal=\dimen117
\tocparanum=\dimen118
\tocparatotal=\dimen119
\tocsubparanum=\dimen120
\@tempcntc=\count97
\fnindent=\dimen121
\c@@inst=\count98
\c@@auth=\count99
\c@auco=\count100
\instindent=\dimen122
\authrun=\box52
\authorrunning=\toks14
\tocauthor=\toks15
\titrun=\box53
\titlerunning=\toks16
\toctitle=\toks17
\c@theorem=\count101
\c@case=\count102
\c@conjecture=\count103
\c@corollary=\count104
\c@definition=\count105
\c@example=\count106
\c@exercise=\count107
\c@lemma=\count108
\c@note=\count109
\c@problem=\count110
\c@property=\count111
\c@proposition=\count112
\c@question=\count113
\c@solution=\count114
\c@remark=\count115
\headlineindent=\dimen123
)
("C:\Program Files\MiKTeX 2.9\tex\latex\base\inputenc.sty"
Package: inputenc 2008/03/30 v1.1d Input encoding file
\inpenc@prehook=\toks18
\inpenc@posthook=\toks19

(C:\Users\Stefan\AppData\Roaming\MiKTeX\2.9\tex\latex\unicode\utf8x.def
File: utf8x.def 2004/10/17 UCS: Input encoding UTF-8
))
(C:\Users\Stefan\AppData\Roaming\MiKTeX\2.9\tex\latex\unicode\ucs.sty
Package: ucs 2004/10/17 UCS: Unicode input support

(C:\Users\Stefan\AppData\Roaming\MiKTeX\2.9\tex\latex\unicode\data\uni-global.d
ef
File: uni-global.def 2004/10/17 UCS: Unicode global data
)
\uc@secondtry=\count116
\uc@combtoks=\toks20
\uc@combtoksb=\toks21
\uc@temptokena=\toks22
) ("C:\Program Files\MiKTeX 2.9\tex\latex\graphics\graphicx.sty"
Package: graphicx 1999/02/16 v1.0f Enhanced LaTeX Graphics (DPC,SPQR)

("C:\Program Files\MiKTeX 2.9\tex\latex\graphics\keyval.sty"
Package: keyval 1999/03/16 v1.13 key=value parser (DPC)
\KV@toks@=\toks23
)
("C:\Program Files\MiKTeX 2.9\tex\latex\graphics\graphics.sty"
Package: graphics 2009/02/05 v1.0o Standard LaTeX Graphics (DPC,SPQR)

("C:\Program Files\MiKTeX 2.9\tex\latex\graphics\trig.sty"
Package: trig 1999/03/16 v1.09 sin cos tan (DPC)
)
("C:\Program Files\MiKTeX 2.9\tex\latex\00miktex\graphics.cfg"
File: graphics.cfg 2007/01/18 v1.5 graphics configuration of teTeX/TeXLive
)
Package graphics Info: Driver file: pdftex.def on input line 91.

("C:\Program Files\MiKTeX 2.9\tex\latex\pdftex-def\pdftex.def"
File: pdftex.def 2011/05/27 v0.06d Graphics/color for pdfTeX

("C:\Program Files\MiKTeX 2.9\tex\generic\oberdiek\infwarerr.sty"
Package: infwarerr 2010/04/08 v1.3 Providing info/warning/message (HO)
)
("C:\Program Files\MiKTeX 2.9\tex\generic\oberdiek\ltxcmds.sty"
Package: ltxcmds 2011/04/18 v1.20 LaTeX kernel commands for general use (HO)
)
\Gread@gobject=\count117
))
\Gin@req@height=\dimen124
\Gin@req@width=\dimen125
)
(C:\Users\Stefan\AppData\Roaming\MiKTeX\2.9\tex\latex\subfig\subfig.sty
Package: subfig 2005/06/28 ver: 1.3 subfig package

(C:\Users\Stefan\AppData\Roaming\MiKTeX\2.9\tex\latex\caption\caption.sty
Package: caption 2011/11/10 v3.2e Customizing captions (AR)

(C:\Users\Stefan\AppData\Roaming\MiKTeX\2.9\tex\latex\caption\caption3.sty
Package: caption3 2011/11/01 v1.4a caption3 kernel (AR)
\captionmargin=\dimen126
\captionmargin@=\dimen127
\captionwidth=\dimen128
\caption@indent=\dimen129
\caption@parindent=\dimen130
\caption@hangindent=\dimen131
Package caption Info: Unknown document class (or package),
(caption)             standard defaults will be used.
)

Package caption Warning: Unsupported document class (or package) detected,
(caption)                usage of the caption package is not recommended.
See the caption package documentation for explanation.

Package caption Info: \@makecaption = \long macro:#1#2->\small \vskip \abovecap
tionskip \sbox \@tempboxa {{\bfseries #1.} #2}\ifdim \wd \@tempboxa >\hsize {\b
fseries #1.} #2\par \else \global \@minipagefalse \hb@xt@ \hsize {\hfil \box \@
tempboxa \hfil }\fi \vskip \belowcaptionskip .
\c@ContinuedFloat=\count118
)
\c@KVtest=\count119
\sf@farskip=\skip45
\sf@captopadj=\dimen132
\sf@capskip=\skip46
\sf@nearskip=\skip47
\c@subfigure=\count120
\c@subfigure@save=\count121
\c@lofdepth=\count122
\c@subtable=\count123
\c@subtable@save=\count124
\c@lotdepth=\count125
\sf@top=\skip48
\sf@bottom=\skip49
) ("C:\Program Files\MiKTeX 2.9\tex\latex\float\float.sty"
Package: float 2001/11/08 v1.3d Float enhancements (AL)
\c@float@type=\count126
\float@exts=\toks24
\float@box=\box54
\@float@everytoks=\toks25
\@floatcapt=\box55
)
("C:\Program Files\MiKTeX 2.9\tex\latex\xcolor\xcolor.sty"
Package: xcolor 2007/01/21 v2.11 LaTeX color extensions (UK)

("C:\Program Files\MiKTeX 2.9\tex\latex\00miktex\color.cfg"
File: color.cfg 2007/01/18 v1.5 color configuration of teTeX/TeXLive
)
Package xcolor Info: Driver file: pdftex.def on input line 225.
Package xcolor Info: Model `cmy' substituted by `cmy0' on input line 1337.
Package xcolor Info: Model `hsb' substituted by `rgb' on input line 1341.
Package xcolor Info: Model `RGB' extended on input line 1353.
Package xcolor Info: Model `HTML' substituted by `rgb' on input line 1355.
Package xcolor Info: Model `Hsb' substituted by `hsb' on input line 1356.
Package xcolor Info: Model `tHsb' substituted by `hsb' on input line 1357.
Package xcolor Info: Model `HSB' substituted by `hsb' on input line 1358.
Package xcolor Info: Model `Gray' substituted by `gray' on input line 1359.
Package xcolor Info: Model `wave' substituted by `hsb' on input line 1360.
)
(C:\Users\Stefan\AppData\Roaming\MiKTeX\2.9\tex\latex\listings\listings.sty
\lst@mode=\count127
\lst@gtempboxa=\box56
\lst@token=\toks26
\lst@length=\count128
\lst@currlwidth=\dimen133
\lst@column=\count129
\lst@pos=\count130
\lst@lostspace=\dimen134
\lst@width=\dimen135
\lst@newlines=\count131
\lst@lineno=\count132
\lst@maxwidth=\dimen136

(C:\Users\Stefan\AppData\Roaming\MiKTeX\2.9\tex\latex\listings\lstmisc.sty
File: lstmisc.sty 2007/02/22 1.4 (Carsten Heinz)
\c@lstnumber=\count133
\lst@skipnumbers=\count134
\lst@framebox=\box57
)
(C:\Users\Stefan\AppData\Roaming\MiKTeX\2.9\tex\latex\listings\listings.cfg
File: listings.cfg 2007/02/22 1.4 listings configuration
))
Package: listings 2007/02/22 1.4 (Carsten Heinz)

("C:\Program Files\MiKTeX 2.9\tex\latex\psnfss\courier.sty"
Package: courier 2005/04/12 PSNFSS-v9.2a (WaS) 
)
(C:\Users\Stefan\AppData\Roaming\MiKTeX\2.9\tex\latex\titlepic\titlepic.sty
Package: titlepic 2009/08/03 1.1 Package to display a picture on the title page

)
(C:\Users\Stefan\AppData\Roaming\MiKTeX\2.9\tex\latex\preprint\fullpage.sty
Package: fullpage 1999/02/23 1.1 (PWD)
\FP@margin=\skip50
)
("C:\Program Files\MiKTeX 2.9\tex\latex\hyperref\hyperref.sty"
Package: hyperref 2011/08/19 v6.82h Hypertext links for LaTeX

("C:\Program Files\MiKTeX 2.9\tex\generic\oberdiek\hobsub-hyperref.sty"
Package: hobsub-hyperref 2011/04/23 v1.4 Bundle oberdiek, subset hyperref (HO)

("C:\Program Files\MiKTeX 2.9\tex\generic\oberdiek\hobsub-generic.sty"
Package: hobsub-generic 2011/04/23 v1.4 Bundle oberdiek, subset generic (HO)
Package: hobsub 2011/04/23 v1.4 Subsetting bundle oberdiek (HO)
Package hobsub Info: Skipping package `infwarerr' (already loaded).
Package hobsub Info: Skipping package `ltxcmds' (already loaded).
Package: ifluatex 2010/03/01 v1.3 Provides the ifluatex switch (HO)
Package ifluatex Info: LuaTeX not detected.
Package: ifvtex 2010/03/01 v1.5 Switches for detecting VTeX and its modes (HO)
Package ifvtex Info: VTeX not detected.
Package: intcalc 2007/09/27 v1.1 Expandable integer calculations (HO)
Package: ifpdf 2011/01/30 v2.3 Provides the ifpdf switch (HO)
Package ifpdf Info: pdfTeX in PDF mode is detected.
Package: etexcmds 2011/02/16 v1.5 Prefix for e-TeX command names (HO)
Package etexcmds Info: Could not find \expanded.
(etexcmds)             That can mean that you are not using pdfTeX 1.50 or
(etexcmds)             that some package has redefined \expanded.
(etexcmds)             In the latter case, load this package earlier.
Package: kvsetkeys 2011/04/07 v1.13 Key value parser (HO)
Package: kvdefinekeys 2011/04/07 v1.3 Defining keys (HO)
Package: pdftexcmds 2011/04/22 v0.16 Utilities of pdfTeX for LuaTeX (HO)
Package pdftexcmds Info: LuaTeX not detected.
Package pdftexcmds Info: \pdf@primitive is available.
Package pdftexcmds Info: \pdf@ifprimitive is available.
Package pdftexcmds Info: \pdfdraftmode found.
Package: pdfescape 2011/04/04 v1.12 Provides string conversions (HO)
Package: bigintcalc 2011/01/30 v1.2 Expandable big integer calculations (HO)
Package: bitset 2011/01/30 v1.1 Data type bit set (HO)
Package: uniquecounter 2011/01/30 v1.2 Provides unlimited unique counter (HO)
)
Package hobsub Info: Skipping package `hobsub' (already loaded).
Package: letltxmacro 2010/09/02 v1.4 Let assignment for LaTeX macros (HO)
Package: hopatch 2011/01/30 v1.0 Wrapper for package hooks (HO)
Package: xcolor-patch 2011/01/30 xcolor patch
Package: atveryend 2011/04/23 v1.7 Hooks at very end of document (HO)
Package: atbegshi 2011/01/30 v1.15 At begin shipout hook (HO)
Package: refcount 2010/12/01 v3.2 Data extraction from references (HO)
Package: hycolor 2011/01/30 v1.7 Color options of hyperref/bookmark (HO)
)
("C:\Program Files\MiKTeX 2.9\tex\generic\ifxetex\ifxetex.sty"
Package: ifxetex 2010/09/12 v0.6 Provides ifxetex conditional
)
("C:\Program Files\MiKTeX 2.9\tex\latex\oberdiek\kvoptions.sty"
Package: kvoptions 2010/12/23 v3.10 Keyval support for LaTeX options (HO)
)
\@linkdim=\dimen137
\Hy@linkcounter=\count135
\Hy@pagecounter=\count136

("C:\Program Files\MiKTeX 2.9\tex\latex\hyperref\pd1enc.def"
File: pd1enc.def 2011/08/19 v6.82h Hyperref: PDFDocEncoding definition (HO)
)
\Hy@SavedSpaceFactor=\count137

("C:\Program Files\MiKTeX 2.9\tex\latex\00miktex\hyperref.cfg"
File: hyperref.cfg 2002/06/06 v1.2 hyperref configuration of TeXLive
)
Package hyperref Info: Option `bookmarks' set `true' on input line 3932.
Package hyperref Info: Option `colorlinks' set `true' on input line 3932.
Package hyperref Info: Hyper figures OFF on input line 4053.
Package hyperref Info: Link nesting OFF on input line 4058.
Package hyperref Info: Hyper index ON on input line 4061.
Package hyperref Info: Plain pages OFF on input line 4068.
Package hyperref Info: Backreferencing OFF on input line 4073.
Package hyperref Info: Implicit mode ON; LaTeX internals redefined.
Package hyperref Info: Bookmarks ON on input line 4291.
\c@Hy@tempcnt=\count138

("C:\Program Files\MiKTeX 2.9\tex\latex\ltxmisc\url.sty"
\Urlmuskip=\muskip10
Package: url 2006/04/12  ver 3.3  Verb mode for urls, etc.
)
LaTeX Info: Redefining \url on input line 4644.
\Fld@menulength=\count139
\Field@Width=\dimen138
\Fld@charsize=\dimen139
Package hyperref Info: Hyper figures OFF on input line 5730.
Package hyperref Info: Link nesting OFF on input line 5735.
Package hyperref Info: Hyper index ON on input line 5738.
Package hyperref Info: backreferencing OFF on input line 5745.
Package hyperref Info: Link coloring ON on input line 5748.
Package hyperref Info: Link coloring with OCG OFF on input line 5755.
Package hyperref Info: PDF/A mode OFF on input line 5760.
LaTeX Info: Redefining \ref on input line 5800.
LaTeX Info: Redefining \pageref on input line 5804.
\Hy@abspage=\count140
\c@Item=\count141
\c@Hfootnote=\count142
)

Package hyperref Message: Driver (autodetected): hpdftex.

("C:\Program Files\MiKTeX 2.9\tex\latex\hyperref\hpdftex.def"
File: hpdftex.def 2011/08/19 v6.82h Hyperref driver for pdfTeX
\Fld@listcount=\count143
\c@bookmark@seq@number=\count144

("C:\Program Files\MiKTeX 2.9\tex\latex\oberdiek\rerunfilecheck.sty"
Package: rerunfilecheck 2011/04/15 v1.7 Rerun checks for auxiliary files (HO)
Package uniquecounter Info: New unique counter `rerunfilecheck' on input line 2
82.
)
\Hy@SectionHShift=\skip51
)
(C:\Users\Stefan\AppData\Roaming\MiKTeX\2.9\tex\latex\listings\lstlang1.sty
File: lstlang1.sty 2004/09/05 1.3 listings language file
)
(C:\Users\Stefan\Documents\VU\ASO\project\repository\report.aux)
LaTeX Font Info:    Checking defaults for OML/cmm/m/it on input line 77.
LaTeX Font Info:    ... okay on input line 77.
LaTeX Font Info:    Checking defaults for T1/cmr/m/n on input line 77.
LaTeX Font Info:    ... okay on input line 77.
LaTeX Font Info:    Checking defaults for OT1/cmr/m/n on input line 77.
LaTeX Font Info:    ... okay on input line 77.
LaTeX Font Info:    Checking defaults for OMS/cmsy/m/n on input line 77.
LaTeX Font Info:    ... okay on input line 77.
LaTeX Font Info:    Checking defaults for OMX/cmex/m/n on input line 77.
LaTeX Font Info:    ... okay on input line 77.
LaTeX Font Info:    Checking defaults for U/cmr/m/n on input line 77.
LaTeX Font Info:    ... okay on input line 77.
LaTeX Font Info:    Checking defaults for PD1/pdf/m/n on input line 77.
LaTeX Font Info:    ... okay on input line 77.

(C:\Users\Stefan\AppData\Roaming\MiKTeX\2.9\tex\latex\unicode\ucsencs.def
File: ucsencs.def 2003/11/29 Fixes to fontencodings LGR, T3
)
(C:\Users\Stefan\AppData\Roaming\MiKTeX\2.9\tex\context\base\supp-pdf.mkii
[Loading MPS to PDF converter (version 2006.09.02).]
\scratchcounter=\count145
\scratchdimen=\dimen140
\scratchbox=\box58
\nofMPsegments=\count146
\nofMParguments=\count147
\everyMPshowfont=\toks27
\MPscratchCnt=\count148
\MPscratchDim=\dimen141
\MPnumerator=\count149
\makeMPintoPDFobject=\count150
\everyMPtoPDFconversion=\toks28
)
Package caption Info: Begin \AtBeginDocument code.
Package caption Info: subfig package v1.3 is loaded.
Package caption Info: float package is loaded.
Package caption Info: hyperref package is loaded.
Package caption Info: listings package is loaded.
Package caption Info: End \AtBeginDocument code.
\c@lstlisting=\count151
\AtBeginShipoutBox=\box59
Package hyperref Info: Link coloring ON on input line 77.
 ("C:\Program Files\MiKTeX 2.9\tex\latex\hyperref\nameref.sty"
Package: nameref 2010/04/30 v2.40 Cross-referencing by name of section

("C:\Program Files\MiKTeX 2.9\tex\generic\oberdiek\gettitlestring.sty"
Package: gettitlestring 2010/12/03 v1.4 Cleanup title references (HO)
)
\c@section@level=\count152
)
LaTeX Info: Redefining \ref on input line 77.
LaTeX Info: Redefining \pageref on input line 77.
LaTeX Info: Redefining \nameref on input line 77.

(C:\Users\Stefan\Documents\VU\ASO\project\repository\report.out)
(C:\Users\Stefan\Documents\VU\ASO\project\repository\report.out)
\@outlinefile=\write3
LaTeX Font Info:    External font `cmex10' loaded for size
(Font)              <7> on input line 80.
LaTeX Font Info:    External font `cmex10' loaded for size
(Font)              <5> on input line 80.

(C:\Users\Stefan\Documents\VU\ASO\project\repository\introduction.tex)
(C:\Users\Stefan\Documents\VU\ASO\project\repository\literature.tex)
(C:\Users\Stefan\Documents\VU\ASO\project\repository\model.tex
<images/rule1.pdf, id=37, 96.7615pt x 24.4915pt>
File: images/rule1.pdf Graphic file (type pdf)
 <use images/rule1.pdf>
Package pdftex.def Info: images/rule1.pdf used on input line 23.
(pdftex.def)             Requested size: 116.1132pt x 29.38963pt.

<images/rule2a.pdf, id=38, 80.7015pt x 16.4615pt>
File: images/rule2a.pdf Graphic file (type pdf)
 <use images/rule2a.pdf>
Package pdftex.def Info: images/rule2a.pdf used on input line 31.
(pdftex.def)             Requested size: 96.84132pt x 19.75368pt.

<images/rule2b.pdf, id=39, 80.7015pt x 16.4615pt>
File: images/rule2b.pdf Graphic file (type pdf)
 <use images/rule2b.pdf>
Package pdftex.def Info: images/rule2b.pdf used on input line 39.
(pdftex.def)             Requested size: 96.84132pt x 19.75368pt.

<images/rule3.pdf, id=40, 64.6415pt x 16.4615pt>
File: images/rule3.pdf Graphic file (type pdf)
 <use images/rule3.pdf>
Package pdftex.def Info: images/rule3.pdf used on input line 47.
(pdftex.def)             Requested size: 77.56937pt x 19.75368pt.

<images/rule4.pdf, id=41, 64.6415pt x 24.4915pt>
File: images/rule4.pdf Graphic file (type pdf)
 <use images/rule4.pdf>
Package pdftex.def Info: images/rule4.pdf used on input line 55.
(pdftex.def)             Requested size: 77.56937pt x 29.38963pt.

<images/rule5a.pdf, id=42, 64.6415pt x 16.4615pt>
File: images/rule5a.pdf Graphic file (type pdf)
 <use images/rule5a.pdf>
Package pdftex.def Info: images/rule5a.pdf used on input line 63.
(pdftex.def)             Requested size: 77.56937pt x 19.75368pt.

<images/rule5b.pdf, id=43, 64.6415pt x 16.4615pt>
File: images/rule5b.pdf Graphic file (type pdf)
 <use images/rule5b.pdf>
Package pdftex.def Info: images/rule5b.pdf used on input line 71.
(pdftex.def)             Requested size: 77.56937pt x 19.75368pt.

<images/rule6.pdf, id=44, 64.6415pt x 24.4915pt>
File: images/rule6.pdf Graphic file (type pdf)
 <use images/rule6.pdf>
Package pdftex.def Info: images/rule6.pdf used on input line 79.
(pdftex.def)             Requested size: 77.56937pt x 29.38963pt.

<images/rule7.pdf, id=45, 64.6415pt x 16.4615pt>
File: images/rule7.pdf Graphic file (type pdf)
 <use images/rule7.pdf>
Package pdftex.def Info: images/rule7.pdf used on input line 87.
(pdftex.def)             Requested size: 77.56937pt x 19.75368pt.

<images/bot.pdf, id=46, 6.8255pt x 6.8255pt>
File: images/bot.pdf Graphic file (type pdf)
 <use images/bot.pdf>
Package pdftex.def Info: images/bot.pdf used on input line 100.
(pdftex.def)             Requested size: 8.19054pt x 8.19054pt.

<images/obstacle.pdf, id=47, 6.69281pt x 6.36807pt>
File: images/obstacle.pdf Graphic file (type pdf)
 <use images/obstacle.pdf>
Package pdftex.def Info: images/obstacle.pdf used on input line 100.
(pdftex.def)             Requested size: 8.03131pt x 7.64162pt.

<images/box.pdf, id=48, 6.8255pt x 6.8255pt>
File: images/box.pdf Graphic file (type pdf)
 <use images/box.pdf>
Package pdftex.def Info: images/box.pdf used on input line 100.
(pdftex.def)             Requested size: 8.19054pt x 8.19054pt.

<images/empty.pdf, id=49, 8.03pt x 8.03pt>
File: images/empty.pdf Graphic file (type pdf)
 <use images/empty.pdf>
Package pdftex.def Info: images/empty.pdf used on input line 100.
(pdftex.def)             Requested size: 9.63593pt x 9.63593pt.

<images/some-turtle.pdf, id=50, 6.424pt x 6.424pt>
File: images/some-turtle.pdf Graphic file (type pdf)

<use images/some-turtle.pdf>
Package pdftex.def Info: images/some-turtle.pdf used on input line 100.
(pdftex.def)             Requested size: 7.70872pt x 7.70872pt.
 <images/no-bot.pdf, id=51, 8.03pt x 8.03pt>
File: images/no-bot.pdf Graphic file (type pdf)

<use images/no-bot.pdf>
Package pdftex.def Info: images/no-bot.pdf used on input line 100.
(pdftex.def)             Requested size: 9.63593pt x 9.63593pt.

Overfull \hbox (6.16663pt too wide) in paragraph at lines 100--101
[][] 
 []

) (C:\Users\Stefan\Documents\VU\ASO\project\repository\implementation.tex)
(C:\Users\Stefan\Documents\VU\ASO\project\repository\experiments.tex
(C:\Users\Stefan\Documents\VU\ASO\project\repository\experiment1.tex)
(C:\Users\Stefan\Documents\VU\ASO\project\repository\experiment2.tex)
(C:\Users\Stefan\Documents\VU\ASO\project\repository\experiment3.tex
\@float@every@bots_vs_weight=\toks29

<images/bots_vs_weight.png, id=53, 1028.34187pt x 490.83376pt>
File: images/bots_vs_weight.png Graphic file (type png)

<use images/bots_vs_weight.png>
Package pdftex.def Info: images/bots_vs_weight.png used on input line 8.
(pdftex.def)             Requested size: 462.74957pt x 220.87314pt.
)) [1

{C:/Users/Stefan/AppData/Local/MiKTeX/2.9/pdftex/config/pdftex.map}]
Underfull \vbox (badness 10000) has occurred while \output is active []

 [2 <C:/Users/Stefan/Documents/VU/ASO/project/repository/images/rule1.pdf> <C:/
Users/Stefan/Documents/VU/ASO/project/repository/images/rule2a.pdf> <C:/Users/S
tefan/Documents/VU/ASO/project/repository/images/rule2b.pdf> <C:/Users/Stefan/D
ocuments/VU/ASO/project/repository/images/rule3.pdf> <C:/Users/Stefan/Documents
/VU/ASO/project/repository/images/rule4.pdf> <C:/Users/Stefan/Documents/VU/ASO/
project/repository/images/rule5a.pdf> <C:/Users/Stefan/Documents/VU/ASO/project
/repository/images/rule5b.pdf> <C:/Users/Stefan/Documents/VU/ASO/project/reposi
tory/images/rule6.pdf> <C:/Users/Stefan/Documents/VU/ASO/project/repository/ima
ges/rule7.pdf> <C:/Users/Stefan/Documents/VU/ASO/project/repository/images/bot.
pdf> <C:/Users/Stefan/Documents/VU/ASO/project/repository/images/obstacle.pdf> 
<C:/Users/Stefan/Documents/VU/ASO/project/repository/images/box.pdf> <C:/Users/
Stefan/Documents/VU/ASO/project/repository/images/empty.pdf> <C:/Users/Stefan/D
ocuments/VU/ASO/project/repository/images/some-turtle.pdf> <C:/Users/Stefan/Doc
uments/VU/ASO/project/repository/images/no-bot.pdf>]
(C:\Users\Stefan\Documents\VU\ASO\project\repository\conclusions.tex)
(C:\Users\Stefan\Documents\VU\ASO\project\repository\report.bbl)

Package caption Warning: Unused \captionsetup[lstlisting] on input line 28.
See the caption package documentation for explanation.

Package atveryend Info: Empty hook `BeforeClearDocument' on input line 97.
[3 <C:/Users/Stefan/Documents/VU/ASO/project/repository/images/bots_vs_weight.p
ng (PNG copy)>]
Package atveryend Info: Empty hook `AfterLastShipout' on input line 97.
 (C:\Users\Stefan\Documents\VU\ASO\project\repository\report.aux)
Package atveryend Info: Executing hook `AtVeryEndDocument' on input line 97.
Package atveryend Info: Executing hook `AtEndAfterFileList' on input line 97.
Package rerunfilecheck Info: File `report.out' has not changed.
(rerunfilecheck)             Checksum: DA02011444CBEE484F078C17A04B8787;418.
 ) 
Here is how much of TeX's memory you used:
 8613 strings out of 494045
 131327 string characters out of 3148384
 263581 words of memory out of 3000000
 11758 multiletter control sequences out of 15000+200000
 5457 words of font info for 20 fonts, out of 3000000 for 9000
 715 hyphenation exceptions out of 8191
 44i,10n,46p,541b,428s stack positions out of 5000i,500n,10000p,200000b,50000s
<C:/Program Files/MiKTeX 2.9/fonts/type1/public/amsfonts/cm/cmbx10.pfb><C:/Pr
ogram Files/MiKTeX 2.9/fonts/type1/public/amsfonts/cm/cmbx12.pfb><C:/Program Fi
les/MiKTeX 2.9/fonts/type1/public/amsfonts/cm/cmmi10.pfb><C:/Program Files/MiKT
eX 2.9/fonts/type1/public/amsfonts/cm/cmr10.pfb><C:/Program Files/MiKTeX 2.9/fo
nts/type1/public/amsfonts/cm/cmr7.pfb><C:/Program Files/MiKTeX 2.9/fonts/type1/
public/amsfonts/cm/cmr9.pfb>
Output written on report.pdf (3 pages, 156485 bytes).
PDF statistics:
 137 PDF objects out of 1000 (max. 8388607)
 32 named destinations out of 1000 (max. 500000)
 145 words of extra memory for PDF output out of 10000 (max. 10000000)

